[debug] [2023-08-14T15:46:43.781Z] ----------------------------------------------------------------------
[debug] [2023-08-14T15:46:43.785Z] Command:       C:\Program Files\nodejs\node.exe C:\Program Files\nodejs\node_modules\firebase-tools\lib\bin\firebase.js init
[debug] [2023-08-14T15:46:43.785Z] CLI Version:   12.4.5
[debug] [2023-08-14T15:46:43.786Z] Platform:      win32
[debug] [2023-08-14T15:46:43.786Z] Node Version:  v16.19.0
[debug] [2023-08-14T15:46:43.788Z] Time:          Mon Aug 14 2023 16:46:43 GMT+0100 (West Africa Standard Time)
[debug] [2023-08-14T15:46:43.789Z] ----------------------------------------------------------------------
[debug] 
[debug] [2023-08-14T15:46:43.802Z] > command requires scopes: ["email","openid","https://www.googleapis.com/auth/cloudplatformprojects.readonly","https://www.googleapis.com/auth/firebase","https://www.googleapis.com/auth/cloud-platform"]
[debug] [2023-08-14T15:46:43.803Z] > authorizing via signed-in user (lekeakajoe@gmail.com)
[info] 
     ######## #### ########  ######## ########     ###     ######  ########
     ##        ##  ##     ## ##       ##     ##  ##   ##  ##       ##
     ######    ##  ########  ######   ########  #########  ######  ######
     ##        ##  ##    ##  ##       ##     ## ##     ##       ## ##
     ##       #### ##     ## ######## ########  ##     ##  ######  ########

You're about to initialize a Firebase project in this directory:

  G:\Taffs\Taff Code\Completed\SpectrumLab

[info] 
=== Account Setup
[info] 
[info] Which account do you want to use for this project? Choose an account or add a new one now
[info] 
[debug] [2023-08-14T15:46:53.344Z] setProjectAccount(G:\Taffs\Taff Code\Completed\SpectrumLab, lekeakajoe@gmail.com)
[info] 
[info] +  Using account: lekeakajoe@gmail.com 
[info] 
=== Project Setup
[info] 
[info] First, let's associate this project directory with a Firebase project.
[info] You can create multiple project aliases by running firebase use --add, 
[info] but for now we'll just set up a default project.
[info] 
[debug] [2023-08-14T15:46:55.784Z] > refreshing access token with scopes: []
[debug] [2023-08-14T15:46:55.789Z] >>> [apiv2][query] POST https://www.googleapis.com/oauth2/v3/token [none]
[debug] [2023-08-14T15:46:55.789Z] >>> [apiv2][body] POST https://www.googleapis.com/oauth2/v3/token [omitted]
[debug] [2023-08-14T15:46:57.003Z] <<< [apiv2][status] POST https://www.googleapis.com/oauth2/v3/token 200
[debug] [2023-08-14T15:46:57.004Z] <<< [apiv2][body] POST https://www.googleapis.com/oauth2/v3/token [omitted]
[debug] [2023-08-14T15:46:57.206Z] >>> [apiv2][query] GET https://firebase.googleapis.com/v1beta1/projects pageSize=100
[debug] [2023-08-14T15:46:58.519Z] <<< [apiv2][status] GET https://firebase.googleapis.com/v1beta1/projects 200
[debug] [2023-08-14T15:46:58.519Z] <<< [apiv2][body] GET https://firebase.googleapis.com/v1beta1/projects [omitted]
[info] i  Using project clinic-d45d7 (Clinic) 
[info] 
=== Hosting Setup
[info] 
[info] Your public directory is the folder (relative to your project directory) that
[info] will contain Hosting assets to be uploaded with firebase deploy. If you
[info] have a build process for your assets, use your build's output directory.
[info] 
